[2026-02-03 18:04:15 +0000] [172781] [INFO] Starting gunicorn 23.0.0
[2026-02-03 18:04:15 +0000] [172781] [INFO] Listening at: http://127.0.0.1:8000 (172781)
[2026-02-03 18:04:15 +0000] [172781] [INFO] Using worker: sync
[2026-02-03 18:04:15 +0000] [172783] [INFO] Booting worker with pid: 172783
[2026-02-03 18:04:15 +0000] [172784] [INFO] Booting worker with pid: 172784
[2026-02-03 18:04:15 +0000] [172785] [INFO] Booting worker with pid: 172785
[2026-02-03 18:04:15 +0000] [172786] [INFO] Booting worker with pid: 172786
[2026-02-04 08:17:37 +0000] [172781] [INFO] Handling signal: term
[2026-02-04 08:17:37 +0000] [172783] [INFO] Worker exiting (pid: 172783)
[2026-02-04 08:17:37 +0000] [172784] [INFO] Worker exiting (pid: 172784)
[2026-02-04 08:17:37 +0000] [172786] [INFO] Worker exiting (pid: 172786)
[2026-02-04 08:17:37 +0000] [172781] [ERROR] Worker (pid:172784) was sent SIGTERM!
[2026-02-04 08:17:37 +0000] [172781] [ERROR] Worker (pid:172786) was sent SIGTERM!
[2026-02-04 08:17:37 +0000] [172785] [INFO] Worker exiting (pid: 172785)
[2026-02-04 08:17:37 +0000] [172781] [INFO] Shutting down: Master
[2026-02-04 08:17:37 +0000] [196750] [INFO] Starting gunicorn 23.0.0
[2026-02-04 08:17:37 +0000] [196750] [INFO] Listening at: http://127.0.0.1:8000 (196750)
[2026-02-04 08:17:37 +0000] [196750] [INFO] Using worker: sync
[2026-02-04 08:17:37 +0000] [196753] [INFO] Booting worker with pid: 196753
[2026-02-04 08:17:37 +0000] [196754] [INFO] Booting worker with pid: 196754
[2026-02-04 08:17:37 +0000] [196755] [INFO] Booting worker with pid: 196755
[2026-02-04 08:17:37 +0000] [196756] [INFO] Booting worker with pid: 196756
